app/build/outputs/logs/manifest-merger-debug-report.txt
-- Merging decision tree log ---
manifest
ADDED from src/main/AndroidManifest.xml:2:1-275:12
	package
		ADDED from src/main/AndroidManifest.xml:4:11-32
		INJECTED from src/main/AndroidManifest.xml
		INJECTED from src/main/AndroidManifest.xml
	android:versionName
		INJECTED from src/main/AndroidManifest.xml
		INJECTED from src/main/AndroidManifest.xml
	xmlns:tools
		ADDED from src/main/AndroidManifest.xml:3:11-57
	xmlns:android
		ADDED from src/main/AndroidManifest.xml:2:11-69
	android:versionCode
		INJECTED from src/main/AndroidManifest.xml
		INJECTED from src/main/AndroidManifest.xml
uses-permission#android.permission.ACCESS_COARSE_LOCATION
ADDED from src/main/AndroidManifest.xml:6:2-78
	android:name
		ADDED from src/main/AndroidManifest.xml:6:19-75
uses-permission#android.permission.CALL_PHONE
ADDED from src/main/AndroidManifest.xml:7:2-66
	android:name
		ADDED from src/main/AndroidManifest.xml:7:19-63
uses-permission#android.permission.ACCESS_NETWORK_STATE
ADDED from src/main/AndroidManifest.xml:8:2-76
MERGED from [:LiteAVSDK_Professional:] AndroidManifest.xml:11:5-79
	android:name
		ADDED from src/main/AndroidManifest.xml:8:19-73
uses-permission#android.permission.ACCESS_FINE_LOCATION
ADDED from src/main/AndroidManifest.xml:9:2-76
	android:name
		ADDED from src/main/AndroidManifest.xml:9:19-73
uses-permission#android.permission.READ_PHONE_STATE
ADDED from src/main/AndroidManifest.xml:10:2-72
	android:name
		ADDED from src/main/AndroidManifest.xml:10:19-69
uses-permission#android.permission.CHANGE_WIFI_STATE
ADDED from src/main/AndroidManifest.xml:11:2-73
	android:name
		ADDED from src/main/AndroidManifest.xml:11:19-70
uses-permission#android.permission.ACCESS_WIFI_STATE
ADDED from src/main/AndroidManifest.xml:12:2-73
MERGED from [:LiteAVSDK_Professional:] AndroidManifest.xml:17:5-76
	android:name
		ADDED from src/main/AndroidManifest.xml:12:19-70
uses-permission#android.permission.CHANGE_CONFIGURATION
ADDED from src/main/AndroidManifest.xml:13:2-76
	android:name
		ADDED from src/main/AndroidManifest.xml:13:19-73
uses-permission#android.permission.WRITE_SETTINGS
ADDED from src/main/AndroidManifest.xml:14:2-70
	android:name
		ADDED from src/main/AndroidManifest.xml:14:19-67
uses-permission#android.permission.RECEIVE_BOOT_COMPLETED
ADDED from src/main/AndroidManifest.xml:15:5-81
	android:name
		ADDED from src/main/AndroidManifest.xml:15:22-78
uses-permission#android.permission.BLUETOOTH
ADDED from src/main/AndroidManifest.xml:16:5-68
	android:name
		ADDED from src/main/AndroidManifest.xml:16:22-65
uses-permission#android.permission.BLUETOOTH_ADMIN
ADDED from src/main/AndroidManifest.xml:17:5-74
	android:name
		ADDED from src/main/AndroidManifest.xml:17:22-71
uses-permission#android.permission.MODIFY_AUDIO_SETTINGS
ADDED from src/main/AndroidManifest.xml:18:5-80
	android:name
		ADDED from src/main/AndroidManifest.xml:18:22-77
uses-permission#android.permission.BROADCAST_STICKY
ADDED from src/main/AndroidManifest.xml:19:5-75
	android:name
		ADDED from src/main/AndroidManifest.xml:19:22-72
uses-permission#android.permission.RECORD_AUDIO
ADDED from src/main/AndroidManifest.xml:20:5-71
MERGED from [:LiteAVSDK_Professional:] AndroidManifest.xml:14:5-71
	android:name
		ADDED from src/main/AndroidManifest.xml:20:22-68
uses-permission#android.permission.INTERNET
ADDED from src/main/AndroidManifest.xml:21:5-67
MERGED from [:LiteAVSDK_Professional:] AndroidManifest.xml:12:5-67
	android:name
		ADDED from src/main/AndroidManifest.xml:21:22-64
uses-permission#android.permission.WAKE_LOCK
ADDED from src/main/AndroidManifest.xml:22:5-68
	android:name
		ADDED from src/main/AndroidManifest.xml:22:22-65
uses-permission#android.permission.WRITE_EXTERNAL_STORAGE
ADDED from src/main/AndroidManifest.xml:23:5-81
MERGED from [:LiteAVSDK_Professional:] AndroidManifest.xml:16:5-81
	android:name
		ADDED from src/main/AndroidManifest.xml:23:22-78
uses-permission#android.permission.MOUNT_UNMOUNT_FILESYSTEMS
ADDED from src/main/AndroidManifest.xml:24:5-84
MERGED from [:LiteAVSDK_Professional:] AndroidManifest.xml:15:5-84
	android:name
		ADDED from src/main/AndroidManifest.xml:24:22-81
uses-permission#android.permission.DISABLE_KEYGUARD
ADDED from src/main/AndroidManifest.xml:25:5-75
	android:name
		ADDED from src/main/AndroidManifest.xml:25:22-72
uses-permission#android.permission.CHANGE_NETWORK_STATE
ADDED from src/main/AndroidManifest.xml:26:5-79
	android:name
		ADDED from src/main/AndroidManifest.xml:26:22-76
uses-permission#android.permission.GET_TASKS
ADDED from src/main/AndroidManifest.xml:27:5-68
	android:name
		ADDED from src/main/AndroidManifest.xml:27:22-65
uses-permission#android.permission.CAMERA
ADDED from src/main/AndroidManifest.xml:28:5-65
MERGED from [:LiteAVSDK_Professional:] AndroidManifest.xml:13:5-65
	android:name
		ADDED from src/main/AndroidManifest.xml:28:22-62
uses-permission#android.permission.FLASHLIGHT
ADDED from src/main/AndroidManifest.xml:29:5-69
	android:name
		ADDED from src/main/AndroidManifest.xml:29:22-66
uses-permission#android.permission.SYSTEM_ALERT_WINDOW
ADDED from src/main/AndroidManifest.xml:30:5-78
	android:name
		ADDED from src/main/AndroidManifest.xml:30:22-75
uses-permission#android.permission.VIBRATE
ADDED from src/main/AndroidManifest.xml:31:5-66
	android:name
		ADDED from src/main/AndroidManifest.xml:31:22-63
uses-feature#android.hardware.autofocus
ADDED from src/main/AndroidManifest.xml:33:5-63
	android:name
		ADDED from src/main/AndroidManifest.xml:33:19-60
uses-feature#android.hardware.camera
ADDED from src/main/AndroidManifest.xml:34:5-60
	android:name
		ADDED from src/main/AndroidManifest.xml:34:19-57
uses-feature#android.hardware.camera.autofocus
ADDED from src/main/AndroidManifest.xml:35:5-70
	android:name
		ADDED from src/main/AndroidManifest.xml:35:19-67
uses-permission#android.permission.SET_DEBUG_APP
ADDED from src/main/AndroidManifest.xml:38:5-72
	android:name
		ADDED from src/main/AndroidManifest.xml:38:22-69
uses-permission#android.permission.GET_ACCOUNTS
ADDED from src/main/AndroidManifest.xml:39:5-71
	android:name
		ADDED from src/main/AndroidManifest.xml:39:22-68
uses-permission#android.permission.USE_CREDENTIALS
ADDED from src/main/AndroidManifest.xml:40:5-74
	android:name
		ADDED from src/main/AndroidManifest.xml:40:22-71
uses-permission#android.permission.MANAGE_ACCOUNTS
ADDED from src/main/AndroidManifest.xml:41:5-74
	android:name
		ADDED from src/main/AndroidManifest.xml:41:22-71
application
ADDED from src/main/AndroidManifest.xml:43:5-273:19
MERGED from [com.android.support:recyclerview-v7:25.4.0] AndroidManifest.xml:22:5-26:19
MERGED from [:LiteAVSDK_Professional:] AndroidManifest.xml:19:5-23:19
MERGED from [LiveVideo:lib-zxing:unspecified] AndroidManifest.xml:11:5-18:19
MERGED from [com.android.support:appcompat-v7:25.4.0] AndroidManifest.xml:25:5-29:19
MERGED from [com.android.support:animated-vector-drawable:25.4.0] AndroidManifest.xml:22:5-26:19
MERGED from [com.android.support:support-vector-drawable:25.4.0] AndroidManifest.xml:22:5-26:19
MERGED from [com.android.support:support-v4:25.4.0] AndroidManifest.xml:25:5-29:19
MERGED from [com.android.support:support-fragment:25.4.0] AndroidManifest.xml:25:5-29:19
MERGED from [com.android.support:support-media-compat:25.4.0] AndroidManifest.xml:25:5-29:19
MERGED from [com.android.support:support-core-ui:25.4.0] AndroidManifest.xml:25:5-29:19
MERGED from [com.android.support:support-core-utils:25.4.0] AndroidManifest.xml:25:5-29:19
MERGED from [com.android.support:support-compat:25.4.0] AndroidManifest.xml:25:5-29:19
	android:label
		ADDED from src/main/AndroidManifest.xml:47:9-41
		REJECTED from [:LiteAVSDK_Professional:] AndroidManifest.xml:21:9-41
	android:supportsRtl
		ADDED from [:LiteAVSDK_Professional:] AndroidManifest.xml:22:9-35
	android:allowBackup
		ADDED from src/main/AndroidManifest.xml:45:9-35
	android:icon
		ADDED from src/main/AndroidManifest.xml:46:9-45
	android:theme
		ADDED from src/main/AndroidManifest.xml:49:9-40
	tools:replace
		ADDED from src/main/AndroidManifest.xml:48:9-38
	android:name
		ADDED from src/main/AndroidManifest.xml:44:9-56
receiver#com.hf.live.util.AutoUpdateBroadcastReceiver
ADDED from src/main/AndroidManifest.xml:52:9-57:20
	android:name
		ADDED from src/main/AndroidManifest.xml:52:19-78
intent-filter#android.intent.action.DOWNLOAD_COMPLETE+android.intent.action.PACKAGE_INSTALL
ADDED from src/main/AndroidManifest.xml:53:13-56:29
action#android.intent.action.DOWNLOAD_COMPLETE
ADDED from src/main/AndroidManifest.xml:54:17-82
	android:name
		ADDED from src/main/AndroidManifest.xml:54:25-79
action#android.intent.action.PACKAGE_INSTALL
ADDED from src/main/AndroidManifest.xml:55:18-81
	android:name
		ADDED from src/main/AndroidManifest.xml:55:26-78
service#com.amap.api.location.APSService
ADDED from src/main/AndroidManifest.xml:60:9-68
	android:name
		ADDED from src/main/AndroidManifest.xml:60:18-65
meta-data#com.amap.api.v2.apikey
ADDED from src/main/AndroidManifest.xml:63:9-65:62
	android:value
		ADDED from src/main/AndroidManifest.xml:65:12-60
	android:name
		ADDED from src/main/AndroidManifest.xml:64:12-49
activity#com.hf.live.activity.WelcomeActivity
ADDED from src/main/AndroidManifest.xml:68:9-77:20
	android:screenOrientation
		ADDED from src/main/AndroidManifest.xml:70:13-49
	android:theme
		ADDED from src/main/AndroidManifest.xml:71:13-77
	android:name
		ADDED from src/main/AndroidManifest.xml:69:13-64
intent-filter#android.intent.action.MAIN+android.intent.category.LAUNCHER
ADDED from src/main/AndroidManifest.xml:72:13-76:29
action#android.intent.action.MAIN
ADDED from src/main/AndroidManifest.xml:73:17-69
	android:name
		ADDED from src/main/AndroidManifest.xml:73:25-66
category#android.intent.category.LAUNCHER
ADDED from src/main/AndroidManifest.xml:75:17-77
	android:name
		ADDED from src/main/AndroidManifest.xml:75:27-74
activity#com.hf.live.activity.LoginActivity
ADDED from src/main/AndroidManifest.xml:78:9-80:52
	android:screenOrientation
		ADDED from src/main/AndroidManifest.xml:80:13-49
	android:name
		ADDED from src/main/AndroidManifest.xml:79:13-62
activity#com.hf.live.activity.MainActivity2
ADDED from src/main/AndroidManifest.xml:81:9-83:52
	android:screenOrientation
		ADDED from src/main/AndroidManifest.xml:83:13-49
	android:name
		ADDED from src/main/AndroidManifest.xml:82:13-62
activity#com.hf.live.activity.PushRtmpSettingActivity
ADDED from src/main/AndroidManifest.xml:84:9-86:52
	android:screenOrientation
		ADDED from src/main/AndroidManifest.xml:86:13-49
	android:name
		ADDED from src/main/AndroidManifest.xml:85:13-72
activity#com.hf.live.activity.PushRtmpSettingEditActivity
ADDED from src/main/AndroidManifest.xml:87:9-89:52
	android:screenOrientation
		ADDED from src/main/AndroidManifest.xml:89:13-49
	android:name
		ADDED from src/main/AndroidManifest.xml:88:13-76
activity#com.hf.live.activity.PushRtmpActivity
ADDED from src/main/AndroidManifest.xml:90:9-93:52
	android:screenOrientation
		ADDED from src/main/AndroidManifest.xml:93:13-49
	android:theme
		ADDED from src/main/AndroidManifest.xml:92:13-77
	android:name
		ADDED from src/main/AndroidManifest.xml:91:13-65
activity#com.hf.live.activity.PullRtmpSettingActivity
ADDED from src/main/AndroidManifest.xml:94:9-96:52
	android:screenOrientation
		ADDED from src/main/AndroidManifest.xml:96:13-49
	android:name
		ADDED from src/main/AndroidManifest.xml:95:13-72
activity#com.hf.live.activity.PullRtmpSettingEditActivity
ADDED from src/main/AndroidManifest.xml:97:9-99:52
	android:screenOrientation
		ADDED from src/main/AndroidManifest.xml:99:13-49
	android:name
		ADDED from src/main/AndroidManifest.xml:98:13-76
activity#com.hf.live.activity.PullRtmpActivity
ADDED from src/main/AndroidManifest.xml:100:9-103:52
	android:screenOrientation
		ADDED from src/main/AndroidManifest.xml:103:13-49
	android:theme
		ADDED from src/main/AndroidManifest.xml:102:13-77
	android:name
		ADDED from src/main/AndroidManifest.xml:101:13-65
activity#com.hf.live.activity.PersonCenterActivity
ADDED from src/main/AndroidManifest.xml:104:9-107:52
	android:screenOrientation
		ADDED from src/main/AndroidManifest.xml:107:13-49
	android:launchMode
		ADDED from src/main/AndroidManifest.xml:106:13-44
	android:name
		ADDED from src/main/AndroidManifest.xml:105:13-69
activity#com.hf.live.activity.DisplayVideoActivity
ADDED from src/main/AndroidManifest.xml:108:9-112:86
	android:screenOrientation
		ADDED from src/main/AndroidManifest.xml:111:13-49
	android:launchMode
		ADDED from src/main/AndroidManifest.xml:110:13-44
	android:configChanges
		ADDED from src/main/AndroidManifest.xml:112:13-83
	android:name
		ADDED from src/main/AndroidManifest.xml:109:13-69
activity#com.hf.live.activity.DisplayPictureActivity
ADDED from src/main/AndroidManifest.xml:113:9-117:86
	android:screenOrientation
		ADDED from src/main/AndroidManifest.xml:116:13-49
	android:launchMode
		ADDED from src/main/AndroidManifest.xml:115:13-44
	android:configChanges
		ADDED from src/main/AndroidManifest.xml:117:13-83
	android:name
		ADDED from src/main/AndroidManifest.xml:114:13-71
activity#com.hf.live.activity.MyUploadActivity
ADDED from src/main/AndroidManifest.xml:118:9-121:52
	android:screenOrientation
		ADDED from src/main/AndroidManifest.xml:121:13-49
	android:launchMode
		ADDED from src/main/AndroidManifest.xml:120:13-44
	android:name
		ADDED from src/main/AndroidManifest.xml:119:13-65
activity#com.hf.live.activity.MyMessageActivity
ADDED from src/main/AndroidManifest.xml:122:9-125:52
	android:screenOrientation
		ADDED from src/main/AndroidManifest.xml:125:13-49
	android:launchMode
		ADDED from src/main/AndroidManifest.xml:124:13-44
	android:name
		ADDED from src/main/AndroidManifest.xml:123:13-66
activity#com.hf.live.activity.MyScoreActivity
ADDED from src/main/AndroidManifest.xml:126:9-129:52
	android:screenOrientation
		ADDED from src/main/AndroidManifest.xml:129:13-49
	android:launchMode
		ADDED from src/main/AndroidManifest.xml:128:13-44
	android:name
		ADDED from src/main/AndroidManifest.xml:127:13-64
activity#com.hf.live.activity.VideoWallActivity
ADDED from src/main/AndroidManifest.xml:130:9-134:67
	android:screenOrientation
		ADDED from src/main/AndroidManifest.xml:133:13-49
	android:launchMode
		ADDED from src/main/AndroidManifest.xml:132:13-44
	android:windowSoftInputMode
		ADDED from src/main/AndroidManifest.xml:134:13-64
	android:name
		ADDED from src/main/AndroidManifest.xml:131:13-66
activity#com.hf.live.activity.OnlineVideoActivity
ADDED from src/main/AndroidManifest.xml:135:9-140:58
	android:screenOrientation
		ADDED from src/main/AndroidManifest.xml:138:13-49
	android:launchMode
		ADDED from src/main/AndroidManifest.xml:137:13-44
	android:windowSoftInputMode
		ADDED from src/main/AndroidManifest.xml:140:13-55
	android:configChanges
		ADDED from src/main/AndroidManifest.xml:139:13-83
	android:name
		ADDED from src/main/AndroidManifest.xml:136:13-68
activity#com.hf.live.activity.OnlinePictureActivity
ADDED from src/main/AndroidManifest.xml:141:9-145:58
	android:screenOrientation
		ADDED from src/main/AndroidManifest.xml:144:13-49
	android:launchMode
		ADDED from src/main/AndroidManifest.xml:143:13-44
	android:windowSoftInputMode
		ADDED from src/main/AndroidManifest.xml:145:13-55
	android:name
		ADDED from src/main/AndroidManifest.xml:142:13-70
activity#com.hf.live.activity.MySettingActivity
ADDED from src/main/AndroidManifest.xml:146:9-149:52
	android:screenOrientation
		ADDED from src/main/AndroidManifest.xml:149:13-49
	android:launchMode
		ADDED from src/main/AndroidManifest.xml:148:13-44
	android:name
		ADDED from src/main/AndroidManifest.xml:147:13-66
activity#com.hf.live.activity.ModifyInfoActivity
ADDED from src/main/AndroidManifest.xml:150:9-153:52
	android:screenOrientation
		ADDED from src/main/AndroidManifest.xml:153:13-49
	android:launchMode
		ADDED from src/main/AndroidManifest.xml:152:13-44
	android:name
		ADDED from src/main/AndroidManifest.xml:151:13-67
activity#com.hf.live.activity.MyAboutActivity
ADDED from src/main/AndroidManifest.xml:154:9-157:52
	android:screenOrientation
		ADDED from src/main/AndroidManifest.xml:157:13-49
	android:launchMode
		ADDED from src/main/AndroidManifest.xml:156:13-44
	android:name
		ADDED from src/main/AndroidManifest.xml:155:13-64
activity#com.hf.live.activity.WebviewActivity
ADDED from src/main/AndroidManifest.xml:158:9-161:52
	android:screenOrientation
		ADDED from src/main/AndroidManifest.xml:161:13-49
	android:launchMode
		ADDED from src/main/AndroidManifest.xml:160:13-44
	android:name
		ADDED from src/main/AndroidManifest.xml:159:13-64
activity#com.hf.live.activity.ScoreExchangeActivity
ADDED from src/main/AndroidManifest.xml:162:9-165:52
	android:screenOrientation
		ADDED from src/main/AndroidManifest.xml:165:13-49
	android:launchMode
		ADDED from src/main/AndroidManifest.xml:164:13-44
	android:name
		ADDED from src/main/AndroidManifest.xml:163:13-70
activity#com.hf.live.activity.CheckActivity
ADDED from src/main/AndroidManifest.xml:166:9-170:67
	android:screenOrientation
		ADDED from src/main/AndroidManifest.xml:169:13-49
	android:launchMode
		ADDED from src/main/AndroidManifest.xml:168:13-44
	android:windowSoftInputMode
		ADDED from src/main/AndroidManifest.xml:170:13-64
	android:name
		ADDED from src/main/AndroidManifest.xml:167:13-62
activity#com.hf.live.activity.SwitchResourceActivity
ADDED from src/main/AndroidManifest.xml:171:9-173:52
	android:screenOrientation
		ADDED from src/main/AndroidManifest.xml:173:13-49
	android:name
		ADDED from src/main/AndroidManifest.xml:172:13-71
activity#com.hf.live.activity.SelectUserActivity
ADDED from src/main/AndroidManifest.xml:174:9-176:52
	android:screenOrientation
		ADDED from src/main/AndroidManifest.xml:176:13-49
	android:name
		ADDED from src/main/AndroidManifest.xml:175:13-67
activity#com.hf.live.activity.PersonInfoActivity
ADDED from src/main/AndroidManifest.xml:177:9-179:52
	android:screenOrientation
		ADDED from src/main/AndroidManifest.xml:179:13-49
	android:name
		ADDED from src/main/AndroidManifest.xml:178:13-67
activity#com.hf.live.activity.OtherInfoActivity
ADDED from src/main/AndroidManifest.xml:180:9-182:52
	android:screenOrientation
		ADDED from src/main/AndroidManifest.xml:182:13-49
	android:name
		ADDED from src/main/AndroidManifest.xml:181:13-66
activity#com.hf.live.activity.ScoreRankActivity
ADDED from src/main/AndroidManifest.xml:183:9-185:52
	android:screenOrientation
		ADDED from src/main/AndroidManifest.xml:185:13-49
	android:name
		ADDED from src/main/AndroidManifest.xml:184:13-66
activity#com.hf.live.activity.GuideActivity
ADDED from src/main/AndroidManifest.xml:186:9-189:52
	android:screenOrientation
		ADDED from src/main/AndroidManifest.xml:189:13-49
	android:theme
		ADDED from src/main/AndroidManifest.xml:188:13-77
	android:name
		ADDED from src/main/AndroidManifest.xml:187:13-62
activity#com.hf.live.activity.SelectPictureActivity
ADDED from src/main/AndroidManifest.xml:190:9-192:52
	android:screenOrientation
		ADDED from src/main/AndroidManifest.xml:192:13-49
	android:name
		ADDED from src/main/AndroidManifest.xml:191:13-70
activity#com.hf.live.activity.SelectVideoActivity
ADDED from src/main/AndroidManifest.xml:193:9-195:52
	android:screenOrientation
		ADDED from src/main/AndroidManifest.xml:195:13-49
	android:name
		ADDED from src/main/AndroidManifest.xml:194:13-68
activity#com.hf.live.activity.SearchVideoActivity
ADDED from src/main/AndroidManifest.xml:196:9-198:52
	android:screenOrientation
		ADDED from src/main/AndroidManifest.xml:198:13-49
	android:name
		ADDED from src/main/AndroidManifest.xml:197:13-68
activity#com.hf.live.activity.VideoRecordActivity
ADDED from src/main/AndroidManifest.xml:199:9-203:49
	android:screenOrientation
		ADDED from src/main/AndroidManifest.xml:203:13-47
	android:configChanges
		ADDED from src/main/AndroidManifest.xml:202:13-74
	android:theme
		ADDED from src/main/AndroidManifest.xml:201:13-77
	android:name
		ADDED from src/main/AndroidManifest.xml:200:13-68
activity#com.hf.live.activity.VideoEditListActivity
ADDED from src/main/AndroidManifest.xml:204:9-206:52
	android:screenOrientation
		ADDED from src/main/AndroidManifest.xml:206:13-49
	android:name
		ADDED from src/main/AndroidManifest.xml:205:13-70
activity#com.hf.live.activity.VideoSelectEditActivity
ADDED from src/main/AndroidManifest.xml:207:9-209:52
	android:screenOrientation
		ADDED from src/main/AndroidManifest.xml:209:13-49
	android:name
		ADDED from src/main/AndroidManifest.xml:208:13-72
activity#com.hf.live.activity.VideoEditDetailActivity
ADDED from src/main/AndroidManifest.xml:210:9-212:52
	android:screenOrientation
		ADDED from src/main/AndroidManifest.xml:212:13-49
	android:name
		ADDED from src/main/AndroidManifest.xml:211:13-72
activity#com.hf.live.activity.TCVideoPreprocessActivity
ADDED from src/main/AndroidManifest.xml:213:9-215:52
	android:screenOrientation
		ADDED from src/main/AndroidManifest.xml:215:13-49
	android:name
		ADDED from src/main/AndroidManifest.xml:214:13-74
activity#com.hf.live.activity.EventActivity
ADDED from src/main/AndroidManifest.xml:216:9-218:52
	android:screenOrientation
		ADDED from src/main/AndroidManifest.xml:218:13-49
	android:name
		ADDED from src/main/AndroidManifest.xml:217:13-62
meta-data#UMENG_APPKEY
ADDED from src/main/AndroidManifest.xml:222:9-224:56
	android:value
		ADDED from src/main/AndroidManifest.xml:224:13-53
	android:name
		ADDED from src/main/AndroidManifest.xml:223:13-40
activity#com.hf.live.wxapi.WXEntryActivity
ADDED from src/main/AndroidManifest.xml:227:9-232:75
	android:screenOrientation
		ADDED from src/main/AndroidManifest.xml:231:13-49
	android:exported
		ADDED from src/main/AndroidManifest.xml:230:13-36
	android:configChanges
		ADDED from src/main/AndroidManifest.xml:229:13-74
	android:theme
		ADDED from src/main/AndroidManifest.xml:232:13-72
	android:name
		ADDED from src/main/AndroidManifest.xml:228:13-50
activity#com.hf.live.activity.WBShareActivity
ADDED from src/main/AndroidManifest.xml:235:9-244:20
	android:screenOrientation
		ADDED from src/main/AndroidManifest.xml:238:13-49
	android:configChanges
		ADDED from src/main/AndroidManifest.xml:237:13-63
	android:name
		ADDED from src/main/AndroidManifest.xml:236:13-53
intent-filter#android.intent.category.DEFAULT+com.sina.weibo.sdk.action.ACTION_SDK_REQ_ACTIVITY
ADDED from src/main/AndroidManifest.xml:239:13-243:29
action#com.sina.weibo.sdk.action.ACTION_SDK_REQ_ACTIVITY
ADDED from src/main/AndroidManifest.xml:240:17-92
	android:name
		ADDED from src/main/AndroidManifest.xml:240:25-89
category#android.intent.category.DEFAULT
ADDED from src/main/AndroidManifest.xml:242:17-76
	android:name
		ADDED from src/main/AndroidManifest.xml:242:27-73
activity#com.umeng.socialize.editorpage.ShareActivity
ADDED from src/main/AndroidManifest.xml:247:9-250:54
	android:excludeFromRecents
		ADDED from src/main/AndroidManifest.xml:249:13-46
	android:theme
		ADDED from src/main/AndroidManifest.xml:250:13-51
	android:name
		ADDED from src/main/AndroidManifest.xml:248:13-72
activity#com.umeng.qq.tencent.AuthActivity
ADDED from src/main/AndroidManifest.xml:253:9-265:20
	android:launchMode
		ADDED from src/main/AndroidManifest.xml:255:13-44
	android:noHistory
		ADDED from src/main/AndroidManifest.xml:256:13-37
	android:name
		ADDED from src/main/AndroidManifest.xml:254:13-61
intent-filter#android.intent.action.VIEW+android.intent.category.BROWSABLE+android.intent.category.DEFAULT
ADDED from src/main/AndroidManifest.xml:257:13-264:29
action#android.intent.action.VIEW
ADDED from src/main/AndroidManifest.xml:258:17-69
	android:name
		ADDED from src/main/AndroidManifest.xml:258:25-66
category#android.intent.category.BROWSABLE
ADDED from src/main/AndroidManifest.xml:261:17-78
	android:name
		ADDED from src/main/AndroidManifest.xml:261:27-75
data
ADDED from src/main/AndroidManifest.xml:263:17-60
	android:scheme
		ADDED from src/main/AndroidManifest.xml:263:23-57
activity#com.umeng.qq.tencent.AssistActivity
ADDED from src/main/AndroidManifest.xml:266:9-270:75
	android:screenOrientation
		ADDED from src/main/AndroidManifest.xml:269:13-49
	android:configChanges
		ADDED from src/main/AndroidManifest.xml:268:13-74
	android:theme
		ADDED from src/main/AndroidManifest.xml:270:13-72
	android:name
		ADDED from src/main/AndroidManifest.xml:267:13-63
uses-sdk
INJECTED from src/main/AndroidManifest.xml reason: use-sdk injection requested
MERGED from [com.android.support:recyclerview-v7:25.4.0] AndroidManifest.xml:20:5-43
MERGED from [:LiteAVSDK_Professional:] AndroidManifest.xml:7:5-9:41
MERGED from [LiveVideo:lib-zxing:unspecified] AndroidManifest.xml:7:5-9:41
MERGED from [com.android.support:appcompat-v7:25.4.0] AndroidManifest.xml:21:5-23:78
MERGED from [com.android.support:animated-vector-drawable:25.4.0] AndroidManifest.xml:20:5-44
MERGED from [com.android.support:support-vector-drawable:25.4.0] AndroidManifest.xml:20:5-43
MERGED from [com.android.support:support-v4:25.4.0] AndroidManifest.xml:21:5-23:54
MERGED from [com.android.support:support-fragment:25.4.0] AndroidManifest.xml:21:5-23:60
MERGED from [com.android.support:support-media-compat:25.4.0] AndroidManifest.xml:21:5-23:63
MERGED from [com.android.support:support-core-ui:25.4.0] AndroidManifest.xml:21:5-23:58
MERGED from [com.android.support:support-core-utils:25.4.0] AndroidManifest.xml:21:5-23:61
MERGED from [com.android.support:support-compat:25.4.0] AndroidManifest.xml:21:5-23:58
	tools:overrideLibrary
		ADDED from [com.android.support:appcompat-v7:25.4.0] AndroidManifest.xml:23:9-75
	android:targetSdkVersion
		INJECTED from src/main/AndroidManifest.xml
		INJECTED from src/main/AndroidManifest.xml
	android:minSdkVersion
		INJECTED from src/main/AndroidManifest.xml
		INJECTED from src/main/AndroidManifest.xml
meta-data#android.support.VERSION
ADDED from [com.android.support:recyclerview-v7:25.4.0] AndroidManifest.xml:23:9-25:38
MERGED from [com.android.support:appcompat-v7:25.4.0] AndroidManifest.xml:26:9-28:38
MERGED from [com.android.support:animated-vector-drawable:25.4.0] AndroidManifest.xml:23:9-25:38
MERGED from [com.android.support:support-vector-drawable:25.4.0] AndroidManifest.xml:23:9-25:38
MERGED from [com.android.support:support-v4:25.4.0] AndroidManifest.xml:26:9-28:38
MERGED from [com.android.support:support-fragment:25.4.0] AndroidManifest.xml:26:9-28:38
MERGED from [com.android.support:support-media-compat:25.4.0] AndroidManifest.xml:26:9-28:38
MERGED from [com.android.support:support-core-ui:25.4.0] AndroidManifest.xml:26:9-28:38
MERGED from [com.android.support:support-core-utils:25.4.0] AndroidManifest.xml:26:9-28:38
MERGED from [com.android.support:support-compat:25.4.0] AndroidManifest.xml:26:9-28:38
	android:value
		ADDED from [com.android.support:recyclerview-v7:25.4.0] AndroidManifest.xml:25:13-35
	android:name
		ADDED from [com.android.support:recyclerview-v7:25.4.0] AndroidManifest.xml:24:13-51
uses-permission#android.permission.READ_EXTERNAL_STORAGE
IMPLIED from src/main/AndroidManifest.xml:2:1-275:12 reason: com.tencent.rtmp.liteavsdk requested WRITE_EXTERNAL_STORAGE
activity#com.uuzuche.lib_zxing.activity.CaptureActivity
ADDED from [LiveVideo:lib-zxing:unspecified] AndroidManifest.xml:12:9-17:63
	android:screenOrientation
		ADDED from [LiveVideo:lib-zxing:unspecified] AndroidManifest.xml:15:13-49
	android:windowSoftInputMode
		ADDED from [LiveVideo:lib-zxing:unspecified] AndroidManifest.xml:17:13-60
	android:configChanges
		ADDED from [LiveVideo:lib-zxing:unspecified] AndroidManifest.xml:14:13-63
	android:theme
		ADDED from [LiveVideo:lib-zxing:unspecified] AndroidManifest.xml:16:13-63
	android:name
		ADDED from [LiveVideo:lib-zxing:unspecified] AndroidManifest.xml:13:13-74